
> react-typescript-starter@0.1.0 test
> react-scripts test "--coverage"

  console.log
    Original Data:

      at resetToDefault (src/components/EditCourseInSemester.tsx:245:17)

  console.log
    {
      department: 'CISC',
      courseCode: 275,
      title: 'Introduction to Software Engineering',
      credits: 3,
      prereqs: [ 'CISC181', 'CISC220' ],
      description: 'Object oriented software design and development through use of an object oriented programming language. Topics include team programming, design patterns, graphical user interfaces, software engineering tools (e.g., integrated development environments, version control, build management, bug tracking, automated testing).',
      prereqsFilled: [],
      degreeReqsFilled: [],
      courseId: 'd9629c36-d215-4893-998a-17376723a70b'
    }

      at resetToDefault (src/components/EditCourseInSemester.tsx:246:17)

PASS src/App.test.tsx (12.339 s)
  Testing creation, selection, and deletion of plans
    ✓ The default plan is the first plan in the list (517 ms)
    ✓ Users can create another plan and swap to it (789 ms)
    ✓ Users can swap back to a previous plan (751 ms)
    ✓ Users can swap freely between multiple plans (1335 ms)
    ✓ Users can't delete when there is only 1 plan (643 ms)
    ✓ Users can create another plan and swap to it, then delete it and return to the original (565 ms)
    ✓ Users can delete a plan and still swap between the remaining plans (1156 ms)
    ✓ User can delete a course from a semester (399 ms)
    ✓ User can edit and revert changes to a course (2088 ms)
    ✓ User can create a custom course in a semester (1041 ms)

---------------------------|---------|----------|---------|---------|-----------------------------
File                       | % Stmts | % Branch | % Funcs | % Lines | Uncovered Line #s           
---------------------------|---------|----------|---------|---------|-----------------------------
All files                  |   67.68 |    64.63 |   58.86 |   67.85 |                             
 src                       |   36.69 |    26.47 |   30.23 |   37.73 |                             
  App.tsx                  |   36.69 |    26.47 |   30.23 |   37.73 | 56-91,161-321               
 src/components            |   77.59 |    72.95 |   68.75 |    77.3 |                             
  AddCourseButton.tsx      |     100 |      100 |     100 |     100 |                             
  AddCourseModal.tsx       |     100 |      100 |     100 |     100 |                             
  AddCourseToSemester.tsx  |   77.65 |    74.41 |   65.38 |   77.65 | 176-199,231-233,354,386,418 
  AddNewPlan.tsx           |   89.18 |       75 |   88.88 |   89.18 | 94-97                       
  ClearAllSemesters.tsx    |    5.55 |        0 |   14.28 |    5.55 | 22-49                       
  ClearSemester.tsx        |      50 |      100 |      50 |      50 | 21                          
  CourseList.tsx           |      75 |       50 |     100 |      75 | 47                          
  CourseTable.tsx          |      75 |      100 |   66.66 |      75 | 36                          
  CourseView.tsx           |   66.66 |       50 |      50 |   66.66 | 20                          
  DeleteCourseButton.tsx   |      50 |      100 |      50 |      50 | 22                          
  DeletePlan.tsx           |     100 |      100 |     100 |     100 |                             
  DeleteSemesterButton.tsx |      50 |      100 |      50 |      50 | 14                          
  EditCourseButton.tsx     |     100 |      100 |     100 |     100 |                             
  EditCourseInSemester.tsx |   87.36 |    81.39 |   77.77 |   87.36 | 191-205,358,390             
  EditCourseModal.tsx      |     100 |      100 |     100 |     100 |                             
  InsertSemesterModal.tsx  |   42.85 |        0 |      25 |   42.85 | 22-29,47-60                 
  ListAllPlans.tsx         |     100 |       75 |     100 |     100 | 24                          
  MoveCourseButton.tsx     |      60 |      100 |      50 |      60 | 37-53                       
  MoveFromPool.tsx         |       0 |      100 |       0 |       0 | 16-25                       
  ParsePrereq.tsx          |     100 |      100 |     100 |     100 |                             
  SemesterTable.tsx        |     100 |      100 |     100 |     100 |                             
  WelcomeMessage.tsx       |     100 |      100 |     100 |     100 |                             
 src/interfaces            |     100 |      100 |     100 |     100 |                             
  course.ts                |       0 |        0 |       0 |       0 |                             
  placeholderPlan.ts       |     100 |      100 |     100 |     100 |                             
  plan.ts                  |       0 |        0 |       0 |       0 |                             
  semester.ts              |       0 |        0 |       0 |       0 |                             
---------------------------|---------|----------|---------|---------|-----------------------------
Test Suites: 1 passed, 1 total
Tests:       10 passed, 10 total
Snapshots:   0 total
Time:        12.966 s
Ran all test suites.
